[debug] [2017-11-01T14:12:08.805Z] ----------------------------------------------------------------------
[debug] [2017-11-01T14:12:08.814Z] Command:       C:\Program Files\nodejs\node.exe C:\Users\Brett\AppData\Roaming\npm\node_modules\firebase-tools\bin\firebase deploy
[debug] [2017-11-01T14:12:08.814Z] CLI Version:   3.13.1
[debug] [2017-11-01T14:12:08.814Z] Platform:      win32
[debug] [2017-11-01T14:12:08.814Z] Node Version:  v6.11.2
[debug] [2017-11-01T14:12:08.815Z] Time:          Wed Nov 01 2017 10:12:08 GMT-0400 (Eastern Daylight Time)
[debug] [2017-11-01T14:12:08.816Z] ----------------------------------------------------------------------
[debug] 
[debug] [2017-11-01T14:12:08.838Z] > command requires scopes: ["email","openid","https://www.googleapis.com/auth/cloudplatformprojects.readonly","https://www.googleapis.com/auth/firebase","https://www.googleapis.com/auth/cloud-platform"]
[debug] [2017-11-01T14:12:08.839Z] > authorizing via signed-in user
[debug] [2017-11-01T14:12:08.843Z] > refreshing access token with scopes: ["email","https://www.googleapis.com/auth/cloud-platform","https://www.googleapis.com/auth/cloudplatformprojects.readonly","https://www.googleapis.com/auth/firebase","openid"]
[debug] [2017-11-01T14:12:08.843Z] >>> HTTP REQUEST POST https://www.googleapis.com/oauth2/v3/token { refresh_token: '1/mxK6QjAsMyvPuSTDnQIR7IL_4qHTvvUG3agltHKw81mxqDvfX0jqlpmxWpaQX1nv',
  client_id: '563584335869-fgrhgmd47bqnekij5i8b5pr03ho849e6.apps.googleusercontent.com',
  client_secret: 'j9iVZfS8kkCEFUPaAeJV0sAi',
  grant_type: 'refresh_token',
  scope: 'email https://www.googleapis.com/auth/cloud-platform https://www.googleapis.com/auth/cloudplatformprojects.readonly https://www.googleapis.com/auth/firebase openid' } 
 Wed Nov 01 2017 10:12:08 GMT-0400 (Eastern Daylight Time)
[debug] [2017-11-01T14:12:10.712Z] <<< HTTP RESPONSE 200
[debug] [2017-11-01T14:12:10.727Z] >>> HTTP REQUEST GET https://admin.firebase.com/v1/projects/brett-newlund-portfolio  
 Wed Nov 01 2017 10:12:10 GMT-0400 (Eastern Daylight Time)
[debug] [2017-11-01T14:12:12.699Z] <<< HTTP RESPONSE 200
[debug] [2017-11-01T14:12:12.701Z] >>> HTTP REQUEST GET https://admin.firebase.com/v1/database/brett-newlund-portfolio/tokens  
 Wed Nov 01 2017 10:12:12 GMT-0400 (Eastern Daylight Time)
[debug] [2017-11-01T14:12:27.505Z] <<< HTTP RESPONSE 200
[info] 1
[info] 
[info] === Deploying to 'brett-newlund-portfolio'...
[info] 
[info] i  deploying hosting
[info] i  hosting: preparing ./ directory for upload...
[debug] [2017-11-01T14:12:49.100Z] >>> HTTP REQUEST PUT https://deploy.firebase.com/v1/hosting/brett-newlund-portfolio/uploads/-KxrvUsCnclC-QhhOZ07?fileCount=334&message=  
 Wed Nov 01 2017 10:12:49 GMT-0400 (Eastern Daylight Time)
[debug] [2017-11-01T14:21:45.033Z] ----------------------------------------------------------------------
[debug] [2017-11-01T14:21:45.040Z] Command:       C:\Program Files\nodejs\node.exe C:\Users\Brett\AppData\Roaming\npm\node_modules\firebase-tools\bin\firebase deploy
[debug] [2017-11-01T14:21:45.041Z] CLI Version:   3.13.1
[debug] [2017-11-01T14:21:45.041Z] Platform:      win32
[debug] [2017-11-01T14:21:45.041Z] Node Version:  v6.11.2
[debug] [2017-11-01T14:21:45.042Z] Time:          Wed Nov 01 2017 10:21:45 GMT-0400 (Eastern Daylight Time)
[debug] [2017-11-01T14:21:45.042Z] ----------------------------------------------------------------------
[debug] 
[debug] [2017-11-01T14:21:45.063Z] > command requires scopes: ["email","openid","https://www.googleapis.com/auth/cloudplatformprojects.readonly","https://www.googleapis.com/auth/firebase","https://www.googleapis.com/auth/cloud-platform"]
[debug] [2017-11-01T14:21:45.063Z] > authorizing via signed-in user
[debug] [2017-11-01T14:21:45.067Z] >>> HTTP REQUEST GET https://admin.firebase.com/v1/projects/brett-newlund-portfolio  
 Wed Nov 01 2017 10:21:45 GMT-0400 (Eastern Daylight Time)
[debug] [2017-11-01T14:21:53.891Z] <<< HTTP RESPONSE 200
[debug] [2017-11-01T14:21:53.896Z] >>> HTTP REQUEST GET https://admin.firebase.com/v1/database/brett-newlund-portfolio/tokens  
 Wed Nov 01 2017 10:21:53 GMT-0400 (Eastern Daylight Time)
[debug] [2017-11-01T14:22:02.384Z] <<< HTTP RESPONSE 200
[info] 1
[info] 
[info] === Deploying to 'brett-newlund-portfolio'...
[info] 
[info] i  deploying hosting
[info] i  hosting: preparing ./ directory for upload...
[debug] [2017-11-01T14:22:50.604Z] >>> HTTP REQUEST PUT https://deploy.firebase.com/v1/hosting/brett-newlund-portfolio/uploads/-Kxrxmh0Z89fihd8ZKjN?fileCount=334&message=  
 Wed Nov 01 2017 10:22:50 GMT-0400 (Eastern Daylight Time)
[debug] [2017-11-01T14:23:55.372Z] Error: socket hang up
    at createHangUpError (_http_client.js:254:15)
    at TLSSocket.socketOnEnd (_http_client.js:346:23)
    at emitNone (events.js:91:20)
    at TLSSocket.emit (events.js:185:7)
    at endReadableNT (_stream_readable.js:974:12)
    at _combinedTickCallback (internal/process/next_tick.js:80:11)
    at process._tickDomainCallback (internal/process/next_tick.js:128:9)
[error] 
[error] Error: Server Error. socket hang up
[debug] [2017-11-01T14:30:50.260Z] ----------------------------------------------------------------------
[debug] [2017-11-01T14:30:50.268Z] Command:       C:\Program Files\nodejs\node.exe C:\Users\Brett\AppData\Roaming\npm\node_modules\firebase-tools\bin\firebase deploy
[debug] [2017-11-01T14:30:50.269Z] CLI Version:   3.13.1
[debug] [2017-11-01T14:30:50.269Z] Platform:      win32
[debug] [2017-11-01T14:30:50.269Z] Node Version:  v6.11.2
[debug] [2017-11-01T14:30:50.270Z] Time:          Wed Nov 01 2017 10:30:50 GMT-0400 (Eastern Daylight Time)
[debug] [2017-11-01T14:30:50.270Z] ----------------------------------------------------------------------
[debug] 
[debug] [2017-11-01T14:30:50.294Z] > command requires scopes: ["email","openid","https://www.googleapis.com/auth/cloudplatformprojects.readonly","https://www.googleapis.com/auth/firebase","https://www.googleapis.com/auth/cloud-platform"]
[debug] [2017-11-01T14:30:50.296Z] > authorizing via signed-in user
[debug] [2017-11-01T14:30:50.307Z] >>> HTTP REQUEST GET https://admin.firebase.com/v1/projects/brett-newlund-portfolio  
 Wed Nov 01 2017 10:30:50 GMT-0400 (Eastern Daylight Time)
[debug] [2017-11-01T14:30:53.291Z] <<< HTTP RESPONSE 200
[debug] [2017-11-01T14:30:53.296Z] >>> HTTP REQUEST GET https://admin.firebase.com/v1/database/brett-newlund-portfolio/tokens  
 Wed Nov 01 2017 10:30:53 GMT-0400 (Eastern Daylight Time)
[debug] [2017-11-01T14:30:59.619Z] <<< HTTP RESPONSE 200
[info] 1
[info] 
[info] === Deploying to 'brett-newlund-portfolio'...
[info] 
[info] i  deploying hosting
[info] i  hosting: preparing ./ directory for upload...
[debug] [2017-11-01T14:31:02.066Z] >>> HTTP REQUEST PUT https://deploy.firebase.com/v1/hosting/brett-newlund-portfolio/uploads/-KxrzepzlcB5Nd4RmGxa?fileCount=334&message=  
 Wed Nov 01 2017 10:31:02 GMT-0400 (Eastern Daylight Time)
[debug] [2017-11-01T14:33:01.605Z] Error: socket hang up
    at createHangUpError (_http_client.js:254:15)
    at TLSSocket.socketOnEnd (_http_client.js:346:23)
    at emitNone (events.js:91:20)
    at TLSSocket.emit (events.js:185:7)
    at endReadableNT (_stream_readable.js:974:12)
    at _combinedTickCallback (internal/process/next_tick.js:80:11)
    at process._tickDomainCallback (internal/process/next_tick.js:128:9)
[error] 
[error] Error: Server Error. socket hang up
[debug] [2017-11-01T14:46:52.430Z] ----------------------------------------------------------------------
[debug] [2017-11-01T14:46:52.439Z] Command:       C:\Program Files\nodejs\node.exe C:\Users\Brett\AppData\Roaming\npm\node_modules\firebase-tools\bin\firebase deploy
[debug] [2017-11-01T14:46:52.440Z] CLI Version:   3.13.1
[debug] [2017-11-01T14:46:52.440Z] Platform:      win32
[debug] [2017-11-01T14:46:52.440Z] Node Version:  v6.11.2
[debug] [2017-11-01T14:46:52.441Z] Time:          Wed Nov 01 2017 10:46:52 GMT-0400 (Eastern Daylight Time)
[debug] [2017-11-01T14:46:52.442Z] ----------------------------------------------------------------------
[debug] 
[debug] [2017-11-01T14:46:52.462Z] > command requires scopes: ["email","openid","https://www.googleapis.com/auth/cloudplatformprojects.readonly","https://www.googleapis.com/auth/firebase","https://www.googleapis.com/auth/cloud-platform"]
[debug] [2017-11-01T14:46:52.463Z] > authorizing via signed-in user
[debug] [2017-11-01T14:46:52.466Z] >>> HTTP REQUEST GET https://admin.firebase.com/v1/projects/brett-newlund-portfolio  
 Wed Nov 01 2017 10:46:52 GMT-0400 (Eastern Daylight Time)
[debug] [2017-11-01T14:47:00.839Z] <<< HTTP RESPONSE 200
[debug] [2017-11-01T14:47:00.841Z] >>> HTTP REQUEST GET https://admin.firebase.com/v1/database/brett-newlund-portfolio/tokens  
 Wed Nov 01 2017 10:47:00 GMT-0400 (Eastern Daylight Time)
[debug] [2017-11-01T14:47:01.171Z] <<< HTTP RESPONSE 200
[info] 1
[info] 
[info] === Deploying to 'brett-newlund-portfolio'...
[info] 
[info] i  deploying hosting
[info] i  hosting: preparing ./ directory for upload...
[debug] [2017-11-01T14:47:04.366Z] >>> HTTP REQUEST PUT https://deploy.firebase.com/v1/hosting/brett-newlund-portfolio/uploads/-Kxs2Ki56YPkPu3hVhXJ?fileCount=334&message=  
 Wed Nov 01 2017 10:47:04 GMT-0400 (Eastern Daylight Time)
[debug] [2017-11-01T14:50:54.644Z] Error: read ECONNRESET
    at exports._errnoException (util.js:1020:11)
    at TLSWrap.onread (net.js:568:26)
[error] 
[error] Error: Server Error. read ECONNRESET
[debug] [2017-11-01T14:51:48.705Z] ----------------------------------------------------------------------
[debug] [2017-11-01T14:51:48.712Z] Command:       C:\Program Files\nodejs\node.exe C:\Users\Brett\AppData\Roaming\npm\node_modules\firebase-tools\bin\firebase deploy
[debug] [2017-11-01T14:51:48.713Z] CLI Version:   3.13.1
[debug] [2017-11-01T14:51:48.713Z] Platform:      win32
[debug] [2017-11-01T14:51:48.713Z] Node Version:  v6.11.2
[debug] [2017-11-01T14:51:48.714Z] Time:          Wed Nov 01 2017 10:51:48 GMT-0400 (Eastern Daylight Time)
[debug] [2017-11-01T14:51:48.714Z] ----------------------------------------------------------------------
[debug] 
[debug] [2017-11-01T14:51:48.736Z] > command requires scopes: ["email","openid","https://www.googleapis.com/auth/cloudplatformprojects.readonly","https://www.googleapis.com/auth/firebase","https://www.googleapis.com/auth/cloud-platform"]
[debug] [2017-11-01T14:51:48.737Z] > authorizing via signed-in user
[debug] [2017-11-01T14:51:48.742Z] >>> HTTP REQUEST GET https://admin.firebase.com/v1/projects/brett-newlund-portfolio  
 Wed Nov 01 2017 10:51:48 GMT-0400 (Eastern Daylight Time)
[debug] [2017-11-01T14:51:49.239Z] <<< HTTP RESPONSE 200
[debug] [2017-11-01T14:51:49.242Z] >>> HTTP REQUEST GET https://admin.firebase.com/v1/database/brett-newlund-portfolio/tokens  
 Wed Nov 01 2017 10:51:49 GMT-0400 (Eastern Daylight Time)
[debug] [2017-11-01T14:51:50.350Z] <<< HTTP RESPONSE 200
[info] 1
[info] 
[info] === Deploying to 'brett-newlund-portfolio'...
[info] 
[info] i  deploying hosting
[info] i  hosting: preparing ./ directory for upload...
[debug] [2017-11-01T14:51:53.652Z] >>> HTTP REQUEST PUT https://deploy.firebase.com/v1/hosting/brett-newlund-portfolio/uploads/-Kxs3RSiZ9hKFM3QoZ38?fileCount=334&message=  
 Wed Nov 01 2017 10:51:53 GMT-0400 (Eastern Daylight Time)
